Using pre-set license
Built from '2022.3/staging' branch; Version is '2022.3.4f1 (35713cd46cd7) revision 3502396'; Using compiler version '192829333'; Build Type 'Release'
OS: 'Windows 11  (10.0.22621) 64bit Core' Language: 'ja' Physical Memory: 16025 MB
BatchMode: 1, IsHumanControllingUs: 0, StartBugReporterOnCrash: 0, Is64bit: 1, IsPro: 1

COMMAND LINE ARGUMENTS:
C:\Program Files\Unity\Hub\Editor\2022.3.4f1\Editor\Unity.exe
-adb2
-batchMode
-noUpm
-name
AssetImportWorker0
-projectPath
C:/Users/yoshi/Unity/New Block Break
-logFile
Logs/AssetImportWorker0.log
-srvPort
55285
Successfully changed project path to: C:/Users/yoshi/Unity/New Block Break
C:/Users/yoshi/Unity/New Block Break
[UnityMemory] Configuration Parameters - Can be set up in boot.config
    "memorysetup-bucket-allocator-granularity=16"
    "memorysetup-bucket-allocator-bucket-count=8"
    "memorysetup-bucket-allocator-block-size=33554432"
    "memorysetup-bucket-allocator-block-count=8"
    "memorysetup-main-allocator-block-size=16777216"
    "memorysetup-thread-allocator-block-size=16777216"
    "memorysetup-gfx-main-allocator-block-size=16777216"
    "memorysetup-gfx-thread-allocator-block-size=16777216"
    "memorysetup-cache-allocator-block-size=4194304"
    "memorysetup-typetree-allocator-block-size=2097152"
    "memorysetup-profiler-bucket-allocator-granularity=16"
    "memorysetup-profiler-bucket-allocator-bucket-count=8"
    "memorysetup-profiler-bucket-allocator-block-size=33554432"
    "memorysetup-profiler-bucket-allocator-block-count=8"
    "memorysetup-profiler-allocator-block-size=16777216"
    "memorysetup-profiler-editor-allocator-block-size=1048576"
    "memorysetup-temp-allocator-size-main=16777216"
    "memorysetup-job-temp-allocator-block-size=2097152"
    "memorysetup-job-temp-allocator-block-size-background=1048576"
    "memorysetup-job-temp-allocator-reduction-small-platforms=262144"
    "memorysetup-allocator-temp-initial-block-size-main=262144"
    "memorysetup-allocator-temp-initial-block-size-worker=262144"
    "memorysetup-temp-allocator-size-background-worker=32768"
    "memorysetup-temp-allocator-size-job-worker=262144"
    "memorysetup-temp-allocator-size-preload-manager=33554432"
    "memorysetup-temp-allocator-size-nav-mesh-worker=65536"
    "memorysetup-temp-allocator-size-audio-worker=65536"
    "memorysetup-temp-allocator-size-cloud-worker=32768"
    "memorysetup-temp-allocator-size-gi-baking-worker=262144"
    "memorysetup-temp-allocator-size-gfx=262144"
Player connection [25672] Host "[IP] 192.168.68.66 [Port] 0 [Flags] 2 [Guid] 3590371134 [EditorId] 3590371134 [Version] 1048832 [Id] WindowsEditor(7,LAPTOP-R2JSK16O) [Debug] 1 [PackageName] WindowsEditor [ProjectName] Editor" joined multi-casting on [225.0.0.222:54997]...

Player connection [25672] Host "[IP] 192.168.68.66 [Port] 0 [Flags] 2 [Guid] 3590371134 [EditorId] 3590371134 [Version] 1048832 [Id] WindowsEditor(7,LAPTOP-R2JSK16O) [Debug] 1 [PackageName] WindowsEditor [ProjectName] Editor" joined alternative multi-casting on [225.0.0.222:34997]...

Refreshing native plugins compatible for Editor in 6.34 ms, found 3 plugins.
Preloading 0 native plugins for Editor in 0.00 ms.
Initialize engine version: 2022.3.4f1 (35713cd46cd7)
[Subsystems] Discovering subsystems at path C:/Program Files/Unity/Hub/Editor/2022.3.4f1/Editor/Data/Resources/UnitySubsystems
[Subsystems] Discovering subsystems at path C:/Users/yoshi/Unity/New Block Break/Assets
GfxDevice: creating device client; threaded=0; jobified=0
Direct3D:
    Version:  Direct3D 11.0 [level 11.1]
    Renderer: Intel(R) Iris(R) Xe Graphics (ID=0xa7a0)
    Vendor:   Intel
    VRAM:     8012 MB
    Driver:   31.0.101.4887
Initialize mono
Mono path[0] = 'C:/Program Files/Unity/Hub/Editor/2022.3.4f1/Editor/Data/Managed'
Mono path[1] = 'C:/Program Files/Unity/Hub/Editor/2022.3.4f1/Editor/Data/MonoBleedingEdge/lib/mono/unityjit-win32'
Mono config path = 'C:/Program Files/Unity/Hub/Editor/2022.3.4f1/Editor/Data/MonoBleedingEdge/etc'
Using monoOptions --debugger-agent=transport=dt_socket,embedding=1,server=y,suspend=n,address=127.0.0.1:56548
Begin MonoManager ReloadAssembly
Registering precompiled unity dll's ...
Register platform support module: C:/Program Files/Unity/Hub/Editor/2022.3.4f1/Editor/Data/PlaybackEngines/WebGLSupport/UnityEditor.WebGL.Extensions.dll
Register platform support module: C:/Program Files/Unity/Hub/Editor/2022.3.4f1/Editor/Data/PlaybackEngines/AndroidPlayer/UnityEditor.Android.Extensions.dll
Register platform support module: C:/Program Files/Unity/Hub/Editor/2022.3.4f1/Editor/Data/PlaybackEngines/iOSSupport/UnityEditor.iOS.Extensions.dll
Register platform support module: C:/Program Files/Unity/Hub/Editor/2022.3.4f1/Editor/Data/PlaybackEngines/WindowsStandaloneSupport/UnityEditor.WindowsStandalone.Extensions.dll
Registered in 0.010627 seconds.
- Loaded All Assemblies, in  0.357 seconds
Native extension for WindowsStandalone target not found
[usbmuxd] Start listen thread
[usbmuxd] Listen thread started
Native extension for iOS target not found
Native extension for Android target not found
Android Extension - Scanning For ADB Devices 365 ms
Native extension for WebGL target not found
Mono: successfully reloaded assembly
- Finished resetting the current domain, in  0.689 seconds
Domain Reload Profiling: 1044ms
	BeginReloadAssembly (89ms)
		ExecutionOrderSort (0ms)
		DisableScriptedObjects (0ms)
		BackupInstance (0ms)
		ReleaseScriptingObjects (0ms)
		CreateAndSetChildDomain (1ms)
	RebuildCommonClasses (37ms)
	RebuildNativeTypeToScriptingClass (11ms)
	initialDomainReloadingComplete (68ms)
	LoadAllAssembliesAndSetupDomain (149ms)
		LoadAssemblies (87ms)
		RebuildTransferFunctionScriptingTraits (0ms)
		AnalyzeDomain (143ms)
			TypeCache.Refresh (142ms)
				TypeCache.ScanAssembly (131ms)
			ScanForSourceGeneratedMonoScriptInfo (1ms)
			ResolveRequiredComponents (1ms)
	FinalizeReload (689ms)
		ReleaseScriptCaches (0ms)
		RebuildScriptCaches (0ms)
		SetupLoadedEditorAssemblies (635ms)
			LogAssemblyErrors (0ms)
			InitializePlatformSupportModulesInManaged (475ms)
			SetLoadedEditorAssemblies (4ms)
			RefreshPlugins (0ms)
			BeforeProcessingInitializeOnLoad (2ms)
			ProcessInitializeOnLoadAttributes (112ms)
			ProcessInitializeOnLoadMethodAttributes (43ms)
			AfterProcessingInitializeOnLoad (0ms)
			EditorAssembliesLoaded (0ms)
		ExecutionOrderSort2 (0ms)
		AwakeInstancesAfterBackupRestoration (0ms)
========================================================================
Worker process is ready to serve import requests
Begin MonoManager ReloadAssembly
Symbol file LoadedFromMemory doesn't match image C:\Users\yoshi\Unity\New Block Break\Library\PackageCache\com.unity.visualscripting@1.8.0\Editor\VisualScripting.Core\Dependencies\YamlDotNet\Unity.VisualScripting.YamlDotNet.dll
Symbol file LoadedFromMemory doesn't match image C:\Users\yoshi\Unity\New Block Break\Library\PackageCache\com.unity.visualscripting@1.8.0\Editor\VisualScripting.Core\Dependencies\DotNetZip\Unity.VisualScripting.IonicZip.dll
- Loaded All Assemblies, in  0.650 seconds
Refreshing native plugins compatible for Editor in 1.95 ms, found 3 plugins.
Native extension for WindowsStandalone target not found
Native extension for iOS target not found
Native extension for Android target not found
Native extension for WebGL target not found
Mono: successfully reloaded assembly
- Finished resetting the current domain, in  0.479 seconds
Domain Reload Profiling: 1127ms
	BeginReloadAssembly (112ms)
		ExecutionOrderSort (0ms)
		DisableScriptedObjects (4ms)
		BackupInstance (0ms)
		ReleaseScriptingObjects (0ms)
		CreateAndSetChildDomain (20ms)
	RebuildCommonClasses (30ms)
	RebuildNativeTypeToScriptingClass (9ms)
	initialDomainReloadingComplete (39ms)
	LoadAllAssembliesAndSetupDomain (457ms)
		LoadAssemblies (244ms)
		RebuildTransferFunctionScriptingTraits (0ms)
		AnalyzeDomain (265ms)
			TypeCache.Refresh (249ms)
				TypeCache.ScanAssembly (237ms)
			ScanForSourceGeneratedMonoScriptInfo (13ms)
			ResolveRequiredComponents (3ms)
	FinalizeReload (479ms)
		ReleaseScriptCaches (0ms)
		RebuildScriptCaches (0ms)
		SetupLoadedEditorAssemblies (335ms)
			LogAssemblyErrors (0ms)
			InitializePlatformSupportModulesInManaged (34ms)
			SetLoadedEditorAssemblies (3ms)
			RefreshPlugins (0ms)
			BeforeProcessingInitializeOnLoad (52ms)
			ProcessInitializeOnLoadAttributes (221ms)
			ProcessInitializeOnLoadMethodAttributes (18ms)
			AfterProcessingInitializeOnLoad (6ms)
			EditorAssembliesLoaded (0ms)
		ExecutionOrderSort2 (0ms)
		AwakeInstancesAfterBackupRestoration (7ms)
Launched and connected shader compiler UnityShaderCompiler.exe after 0.06 seconds
Refreshing native plugins compatible for Editor in 2.03 ms, found 3 plugins.
Preloading 0 native plugins for Editor in 0.00 ms.
Unloading 3071 Unused Serialized files (Serialized files now loaded: 0)
Unloading 31 unused Assets / (56.7 KB). Loaded Objects now: 3540.
Memory consumption went from 121.9 MB to 121.9 MB.
Total: 2.930500 ms (FindLiveObjects: 0.313200 ms CreateObjectMapping: 0.067700 ms MarkObjects: 2.429300 ms  DeleteObjects: 0.119100 ms)

AssetImportParameters requested are different than current active one (requested -> active):
  custom:container-demuxer-ogg: 62fdf1f143b41e24485cea50d1cbac27 -> 
  custom:video-decoder-ogg-theora: a1e56fd34408186e4bbccfd4996cb3dc -> 
  custom:framework-win-MediaFoundation: 216162199b28c13a410421893ffa2e32 -> 
  custom:CustomObjectIndexerAttribute: 756ad292c208cfabdd7b50bc23989ffe -> 
  custom:container-demuxer-webm: 4f35f7cbe854078d1ac9338744f61a02 -> 
  custom:container-muxer-webm: aa71ff27fc2769a1b78a27578f13a17b -> 
  custom:video-decoder-webm-vp8: 9c59270c3fd7afecdb556c50c9e8de78 -> 
  custom:AudioImporter_EditorPlatform: d09bf68614088b80899f8185d706f6e7 -> 
  custom:video-encoder-webm-vp8: eb34c28f22e8b96e1ab97ce403110664 -> 
  custom:audio-decoder-ogg-vorbis: bf7c407c2cedff20999df2af8eb42d56 -> 
  custom:audio-encoder-webm-vorbis: bf7c407c2cedff20999df2af8eb42d56 -> 
========================================================================
Received Import Request.
  Time since last request: 1052512.913353 seconds.
  path: Assets/Prefabs/Ball.prefab
  artifactKey: Guid(422828d2c7302c44097686cf80ebffd5) Importer(815301076,1909f56bfc062723c751e8b465ee728b)
Start importing Assets/Prefabs/Ball.prefab using Guid(422828d2c7302c44097686cf80ebffd5) Importer(815301076,1909f56bfc062723c751e8b465ee728b)  -> (artifact id: '9166600e259d6911ca3c6df76b727311') in 0.085838 seconds
Number of updated asset objects reloaded before import = 0
Number of asset objects unloaded after import = 17
========================================================================
Received Import Request.
  Time since last request: 20.459354 seconds.
  path: Assets/Prefabs/Ball.prefab
  artifactKey: Guid(422828d2c7302c44097686cf80ebffd5) Importer(815301076,1909f56bfc062723c751e8b465ee728b)
Start importing Assets/Prefabs/Ball.prefab using Guid(422828d2c7302c44097686cf80ebffd5) Importer(815301076,1909f56bfc062723c751e8b465ee728b)  -> (artifact id: '004a7d276543910603571e186184ff63') in 0.022920 seconds
Number of updated asset objects reloaded before import = 0
Number of asset objects unloaded after import = 17
========================================================================
Received Import Request.
  Time since last request: 502.762900 seconds.
  path: Assets/Prefabs/Ball.prefab
  artifactKey: Guid(422828d2c7302c44097686cf80ebffd5) Importer(815301076,1909f56bfc062723c751e8b465ee728b)
Start importing Assets/Prefabs/Ball.prefab using Guid(422828d2c7302c44097686cf80ebffd5) Importer(815301076,1909f56bfc062723c751e8b465ee728b)  -> (artifact id: 'ffb84ac1f38a5e90ec24781dff225540') in 0.010190 seconds
Number of updated asset objects reloaded before import = 0
Number of asset objects unloaded after import = 17
========================================================================
Received Import Request.
  Time since last request: 130.250721 seconds.
  path: Assets/Prefabs/Ball.prefab
  artifactKey: Guid(422828d2c7302c44097686cf80ebffd5) Importer(815301076,1909f56bfc062723c751e8b465ee728b)
Start importing Assets/Prefabs/Ball.prefab using Guid(422828d2c7302c44097686cf80ebffd5) Importer(815301076,1909f56bfc062723c751e8b465ee728b)  -> (artifact id: '54c0129e1da619cecf06e153c687c632') in 0.008702 seconds
Number of updated asset objects reloaded before import = 0
Number of asset objects unloaded after import = 17
========================================================================
Received Import Request.
  Time since last request: 21.638085 seconds.
  path: Assets/Prefabs/Ball.prefab
  artifactKey: Guid(422828d2c7302c44097686cf80ebffd5) Importer(815301076,1909f56bfc062723c751e8b465ee728b)
Start importing Assets/Prefabs/Ball.prefab using Guid(422828d2c7302c44097686cf80ebffd5) Importer(815301076,1909f56bfc062723c751e8b465ee728b)  -> (artifact id: '2cf5d24553491fa4f3ceecedefc985c4') in 0.008362 seconds
Number of updated asset objects reloaded before import = 0
Number of asset objects unloaded after import = 17
========================================================================
Received Import Request.
  Time since last request: 7.733121 seconds.
  path: Assets/Prefabs/Ball.prefab
  artifactKey: Guid(422828d2c7302c44097686cf80ebffd5) Importer(815301076,1909f56bfc062723c751e8b465ee728b)
Start importing Assets/Prefabs/Ball.prefab using Guid(422828d2c7302c44097686cf80ebffd5) Importer(815301076,1909f56bfc062723c751e8b465ee728b)  -> (artifact id: 'b7ac9be9df2e786650aed702990dbd63') in 0.009069 seconds
Number of updated asset objects reloaded before import = 0
Number of asset objects unloaded after import = 17
========================================================================
Received Import Request.
  Time since last request: 2.846894 seconds.
  path: Assets/Prefabs/Ball.prefab
  artifactKey: Guid(422828d2c7302c44097686cf80ebffd5) Importer(815301076,1909f56bfc062723c751e8b465ee728b)
Start importing Assets/Prefabs/Ball.prefab using Guid(422828d2c7302c44097686cf80ebffd5) Importer(815301076,1909f56bfc062723c751e8b465ee728b)  -> (artifact id: '558319ed3725b827c422b5d3e7d8949d') in 0.008248 seconds
Number of updated asset objects reloaded before import = 0
Number of asset objects unloaded after import = 17
========================================================================
Received Import Request.
  Time since last request: 7.030777 seconds.
  path: Assets/Prefabs/Ball.prefab
  artifactKey: Guid(422828d2c7302c44097686cf80ebffd5) Importer(815301076,1909f56bfc062723c751e8b465ee728b)
Start importing Assets/Prefabs/Ball.prefab using Guid(422828d2c7302c44097686cf80ebffd5) Importer(815301076,1909f56bfc062723c751e8b465ee728b)  -> (artifact id: 'f71000c8661e8bc2bbfcfefdc4299754') in 0.011696 seconds
Number of updated asset objects reloaded before import = 0
Number of asset objects unloaded after import = 17
========================================================================
Received Import Request.
  Time since last request: 2.244628 seconds.
  path: Assets/Prefabs/Ball.prefab
  artifactKey: Guid(422828d2c7302c44097686cf80ebffd5) Importer(815301076,1909f56bfc062723c751e8b465ee728b)
Start importing Assets/Prefabs/Ball.prefab using Guid(422828d2c7302c44097686cf80ebffd5) Importer(815301076,1909f56bfc062723c751e8b465ee728b)  -> (artifact id: '7f8be561a0afc3ca3364727a2ed3b18f') in 0.008078 seconds
Number of updated asset objects reloaded before import = 0
Number of asset objects unloaded after import = 17
========================================================================
Received Import Request.
  Time since last request: 1.851398 seconds.
  path: Assets/Prefabs/Ball.prefab
  artifactKey: Guid(422828d2c7302c44097686cf80ebffd5) Importer(815301076,1909f56bfc062723c751e8b465ee728b)
Start importing Assets/Prefabs/Ball.prefab using Guid(422828d2c7302c44097686cf80ebffd5) Importer(815301076,1909f56bfc062723c751e8b465ee728b)  -> (artifact id: 'ecf4ab46bc5fe316265154f55a10f2cc') in 0.008806 seconds
Number of updated asset objects reloaded before import = 0
Number of asset objects unloaded after import = 17
========================================================================
Received Import Request.
  Time since last request: 7.747898 seconds.
  path: Assets/Prefabs/Ball.prefab
  artifactKey: Guid(422828d2c7302c44097686cf80ebffd5) Importer(815301076,1909f56bfc062723c751e8b465ee728b)
Start importing Assets/Prefabs/Ball.prefab using Guid(422828d2c7302c44097686cf80ebffd5) Importer(815301076,1909f56bfc062723c751e8b465ee728b)  -> (artifact id: '1b2c0e9b7e220634346677a45576ce1c') in 0.008740 seconds
Number of updated asset objects reloaded before import = 0
Number of asset objects unloaded after import = 17
========================================================================
Received Import Request.
  Time since last request: 3.060332 seconds.
  path: Assets/Prefabs/Ball.prefab
  artifactKey: Guid(422828d2c7302c44097686cf80ebffd5) Importer(815301076,1909f56bfc062723c751e8b465ee728b)
Start importing Assets/Prefabs/Ball.prefab using Guid(422828d2c7302c44097686cf80ebffd5) Importer(815301076,1909f56bfc062723c751e8b465ee728b)  -> (artifact id: '0f9600b928aacfb2fc2db425947ab3e4') in 0.009014 seconds
Number of updated asset objects reloaded before import = 0
Number of asset objects unloaded after import = 17
========================================================================
Received Import Request.
  Time since last request: 2.029650 seconds.
  path: Assets/Prefabs/Ball.prefab
  artifactKey: Guid(422828d2c7302c44097686cf80ebffd5) Importer(815301076,1909f56bfc062723c751e8b465ee728b)
Start importing Assets/Prefabs/Ball.prefab using Guid(422828d2c7302c44097686cf80ebffd5) Importer(815301076,1909f56bfc062723c751e8b465ee728b)  -> (artifact id: 'c358ac71e9ee0d588db18a2056fd21f5') in 0.011043 seconds
Number of updated asset objects reloaded before import = 0
Number of asset objects unloaded after import = 17
========================================================================
Received Import Request.
  Time since last request: 2.654117 seconds.
  path: Assets/Prefabs/Ball.prefab
  artifactKey: Guid(422828d2c7302c44097686cf80ebffd5) Importer(815301076,1909f56bfc062723c751e8b465ee728b)
Start importing Assets/Prefabs/Ball.prefab using Guid(422828d2c7302c44097686cf80ebffd5) Importer(815301076,1909f56bfc062723c751e8b465ee728b)  -> (artifact id: 'b8c71a0a31f59040ac16fcb35a60c467') in 0.009261 seconds
Number of updated asset objects reloaded before import = 0
Number of asset objects unloaded after import = 17
========================================================================
Received Import Request.
  Time since last request: 1.441107 seconds.
  path: Assets/Prefabs/Ball.prefab
  artifactKey: Guid(422828d2c7302c44097686cf80ebffd5) Importer(815301076,1909f56bfc062723c751e8b465ee728b)
Start importing Assets/Prefabs/Ball.prefab using Guid(422828d2c7302c44097686cf80ebffd5) Importer(815301076,1909f56bfc062723c751e8b465ee728b)  -> (artifact id: 'a2fc207cef2b9e70ca68c45eb34f0bfd') in 0.010364 seconds
Number of updated asset objects reloaded before import = 0
Number of asset objects unloaded after import = 17
========================================================================
Received Import Request.
  Time since last request: 2.652675 seconds.
  path: Assets/Prefabs/Ball.prefab
  artifactKey: Guid(422828d2c7302c44097686cf80ebffd5) Importer(815301076,1909f56bfc062723c751e8b465ee728b)
Start importing Assets/Prefabs/Ball.prefab using Guid(422828d2c7302c44097686cf80ebffd5) Importer(815301076,1909f56bfc062723c751e8b465ee728b)  -> (artifact id: '4204a3ddb7301d5bc32e6fb499399699') in 0.012592 seconds
Number of updated asset objects reloaded before import = 0
Number of asset objects unloaded after import = 17
========================================================================
Received Import Request.
  Time since last request: 1.627433 seconds.
  path: Assets/Prefabs/Ball.prefab
  artifactKey: Guid(422828d2c7302c44097686cf80ebffd5) Importer(815301076,1909f56bfc062723c751e8b465ee728b)
Start importing Assets/Prefabs/Ball.prefab using Guid(422828d2c7302c44097686cf80ebffd5) Importer(815301076,1909f56bfc062723c751e8b465ee728b)  -> (artifact id: '6fd7489ce20b0f49bde7eeb906604030') in 0.008835 seconds
Number of updated asset objects reloaded before import = 0
Number of asset objects unloaded after import = 17
========================================================================
Received Import Request.
  Time since last request: 1.433186 seconds.
  path: Assets/Prefabs/Ball.prefab
  artifactKey: Guid(422828d2c7302c44097686cf80ebffd5) Importer(815301076,1909f56bfc062723c751e8b465ee728b)
Start importing Assets/Prefabs/Ball.prefab using Guid(422828d2c7302c44097686cf80ebffd5) Importer(815301076,1909f56bfc062723c751e8b465ee728b)  -> (artifact id: '5ab60b49cc7e5e263b6c0e69c05bb1e3') in 0.009239 seconds
Number of updated asset objects reloaded before import = 0
Number of asset objects unloaded after import = 17
========================================================================
Received Import Request.
  Time since last request: 1.811086 seconds.
  path: Assets/Prefabs/Ball.prefab
  artifactKey: Guid(422828d2c7302c44097686cf80ebffd5) Importer(815301076,1909f56bfc062723c751e8b465ee728b)
Start importing Assets/Prefabs/Ball.prefab using Guid(422828d2c7302c44097686cf80ebffd5) Importer(815301076,1909f56bfc062723c751e8b465ee728b)  -> (artifact id: 'd0f3f4efd7c25174363969a3caab4c15') in 0.009623 seconds
Number of updated asset objects reloaded before import = 0
Number of asset objects unloaded after import = 17
========================================================================
Received Import Request.
  Time since last request: 1.430547 seconds.
  path: Assets/Prefabs/Ball.prefab
  artifactKey: Guid(422828d2c7302c44097686cf80ebffd5) Importer(815301076,1909f56bfc062723c751e8b465ee728b)
Start importing Assets/Prefabs/Ball.prefab using Guid(422828d2c7302c44097686cf80ebffd5) Importer(815301076,1909f56bfc062723c751e8b465ee728b)  -> (artifact id: '80a6d23a927cca304f35db6335e20c6a') in 0.018926 seconds
Number of updated asset objects reloaded before import = 0
Number of asset objects unloaded after import = 17
========================================================================
Received Import Request.
  Time since last request: 7.771142 seconds.
  path: Assets/Prefabs/Ball.prefab
  artifactKey: Guid(422828d2c7302c44097686cf80ebffd5) Importer(815301076,1909f56bfc062723c751e8b465ee728b)
Start importing Assets/Prefabs/Ball.prefab using Guid(422828d2c7302c44097686cf80ebffd5) Importer(815301076,1909f56bfc062723c751e8b465ee728b)  -> (artifact id: 'b913f1a0976fa2ad12c40ab844b6d977') in 0.019533 seconds
Number of updated asset objects reloaded before import = 0
Number of asset objects unloaded after import = 17
========================================================================
Received Import Request.
  Time since last request: 9.145156 seconds.
  path: Assets/Prefabs/Ball.prefab
  artifactKey: Guid(422828d2c7302c44097686cf80ebffd5) Importer(815301076,1909f56bfc062723c751e8b465ee728b)
Start importing Assets/Prefabs/Ball.prefab using Guid(422828d2c7302c44097686cf80ebffd5) Importer(815301076,1909f56bfc062723c751e8b465ee728b)  -> (artifact id: '278e3b59cf4c4284f3f185e1a99389c1') in 0.008374 seconds
Number of updated asset objects reloaded before import = 0
Number of asset objects unloaded after import = 17
========================================================================
Received Import Request.
  Time since last request: 18.539938 seconds.
  path: Assets/Prefabs/Ball.prefab
  artifactKey: Guid(422828d2c7302c44097686cf80ebffd5) Importer(815301076,1909f56bfc062723c751e8b465ee728b)
Start importing Assets/Prefabs/Ball.prefab using Guid(422828d2c7302c44097686cf80ebffd5) Importer(815301076,1909f56bfc062723c751e8b465ee728b)  -> (artifact id: 'db8b94015fb0d5d7d679f20194209773') in 0.008273 seconds
Number of updated asset objects reloaded before import = 0
Number of asset objects unloaded after import = 17
========================================================================
Received Import Request.
  Time since last request: 11.214218 seconds.
  path: Assets/Prefabs/Ball.prefab
  artifactKey: Guid(422828d2c7302c44097686cf80ebffd5) Importer(815301076,1909f56bfc062723c751e8b465ee728b)
Start importing Assets/Prefabs/Ball.prefab using Guid(422828d2c7302c44097686cf80ebffd5) Importer(815301076,1909f56bfc062723c751e8b465ee728b)  -> (artifact id: '889e9ae2cc1ed1f73d780adcbc41abf6') in 0.009578 seconds
Number of updated asset objects reloaded before import = 0
Number of asset objects unloaded after import = 17
========================================================================
Received Import Request.
  Time since last request: 26.957403 seconds.
  path: Assets/Prefabs/Ball.prefab
  artifactKey: Guid(422828d2c7302c44097686cf80ebffd5) Importer(815301076,1909f56bfc062723c751e8b465ee728b)
Start importing Assets/Prefabs/Ball.prefab using Guid(422828d2c7302c44097686cf80ebffd5) Importer(815301076,1909f56bfc062723c751e8b465ee728b)  -> (artifact id: '83dbe189cc8f258f51c77a16fcd48d38') in 0.021197 seconds
Number of updated asset objects reloaded before import = 0
Number of asset objects unloaded after import = 17
========================================================================
Received Prepare
Begin MonoManager ReloadAssembly
Symbol file LoadedFromMemory doesn't match image C:\Users\yoshi\Unity\New Block Break\Library\PackageCache\com.unity.visualscripting@1.8.0\Editor\VisualScripting.Core\Dependencies\YamlDotNet\Unity.VisualScripting.YamlDotNet.dll
Symbol file LoadedFromMemory doesn't match image C:\Users\yoshi\Unity\New Block Break\Library\PackageCache\com.unity.visualscripting@1.8.0\Editor\VisualScripting.Core\Dependencies\DotNetZip\Unity.VisualScripting.IonicZip.dll
- Loaded All Assemblies, in  0.635 seconds
Refreshing native plugins compatible for Editor in 1.90 ms, found 3 plugins.
Native extension for WindowsStandalone target not found
Native extension for iOS target not found
Native extension for Android target not found
Native extension for WebGL target not found
Mono: successfully reloaded assembly
- Finished resetting the current domain, in  1.107 seconds
Domain Reload Profiling: 1740ms
	BeginReloadAssembly (128ms)
		ExecutionOrderSort (0ms)
		DisableScriptedObjects (5ms)
		BackupInstance (0ms)
		ReleaseScriptingObjects (0ms)
		CreateAndSetChildDomain (40ms)
	RebuildCommonClasses (23ms)
	RebuildNativeTypeToScriptingClass (12ms)
	initialDomainReloadingComplete (30ms)
	LoadAllAssembliesAndSetupDomain (439ms)
		LoadAssemblies (218ms)
		RebuildTransferFunctionScriptingTraits (0ms)
		AnalyzeDomain (268ms)
			TypeCache.Refresh (265ms)
				TypeCache.ScanAssembly (254ms)
			ScanForSourceGeneratedMonoScriptInfo (0ms)
			ResolveRequiredComponents (3ms)
	FinalizeReload (1108ms)
		ReleaseScriptCaches (0ms)
		RebuildScriptCaches (0ms)
		SetupLoadedEditorAssemblies (552ms)
			LogAssemblyErrors (0ms)
			InitializePlatformSupportModulesInManaged (67ms)
			SetLoadedEditorAssemblies (8ms)
			RefreshPlugins (0ms)
			BeforeProcessingInitializeOnLoad (87ms)
			ProcessInitializeOnLoadAttributes (352ms)
			ProcessInitializeOnLoadMethodAttributes (27ms)
			AfterProcessingInitializeOnLoad (12ms)
			EditorAssembliesLoaded (0ms)
		ExecutionOrderSort2 (0ms)
		AwakeInstancesAfterBackupRestoration (20ms)
Refreshing native plugins compatible for Editor in 5.62 ms, found 3 plugins.
Preloading 0 native plugins for Editor in 0.00 ms.
Unloading 3062 Unused Serialized files (Serialized files now loaded: 0)
Unloading 23 unused Assets / (31.5 KB). Loaded Objects now: 3552.
Memory consumption went from 120.2 MB to 120.2 MB.
Total: 4.698500 ms (FindLiveObjects: 0.373700 ms CreateObjectMapping: 0.070400 ms MarkObjects: 4.166500 ms  DeleteObjects: 0.086500 ms)

Prepare: number of updated asset objects reloaded= 0
AssetImportParameters requested are different than current active one (requested -> active):
  custom:container-demuxer-ogg: 62fdf1f143b41e24485cea50d1cbac27 -> 
  custom:video-decoder-ogg-theora: a1e56fd34408186e4bbccfd4996cb3dc -> 
  custom:framework-win-MediaFoundation: 216162199b28c13a410421893ffa2e32 -> 
  custom:CustomObjectIndexerAttribute: 756ad292c208cfabdd7b50bc23989ffe -> 
  custom:container-demuxer-webm: 4f35f7cbe854078d1ac9338744f61a02 -> 
  custom:container-muxer-webm: aa71ff27fc2769a1b78a27578f13a17b -> 
  custom:video-decoder-webm-vp8: 9c59270c3fd7afecdb556c50c9e8de78 -> 
  custom:AudioImporter_EditorPlatform: d09bf68614088b80899f8185d706f6e7 -> 
  custom:video-encoder-webm-vp8: eb34c28f22e8b96e1ab97ce403110664 -> 
  custom:audio-decoder-ogg-vorbis: bf7c407c2cedff20999df2af8eb42d56 -> 
  custom:audio-encoder-webm-vorbis: bf7c407c2cedff20999df2af8eb42d56 -> 
========================================================================
Received Import Request.
  Time since last request: 207.183754 seconds.
  path: Assets/Prefabs/Ball.prefab
  artifactKey: Guid(422828d2c7302c44097686cf80ebffd5) Importer(815301076,1909f56bfc062723c751e8b465ee728b)
Start importing Assets/Prefabs/Ball.prefab using Guid(422828d2c7302c44097686cf80ebffd5) Importer(815301076,1909f56bfc062723c751e8b465ee728b)  -> (artifact id: '01d455fd1d3ebc9f7fab3f01e7d50563') in 0.076417 seconds
Number of updated asset objects reloaded before import = 0
Number of asset objects unloaded after import = 17
========================================================================
Received Import Request.
  Time since last request: 52.098396 seconds.
  path: Assets/Prefabs/Ball.prefab
  artifactKey: Guid(422828d2c7302c44097686cf80ebffd5) Importer(815301076,1909f56bfc062723c751e8b465ee728b)
Start importing Assets/Prefabs/Ball.prefab using Guid(422828d2c7302c44097686cf80ebffd5) Importer(815301076,1909f56bfc062723c751e8b465ee728b)  -> (artifact id: 'b6bf193bfbf0e3ac47376e02b7f8c5a8') in 0.011343 seconds
Number of updated asset objects reloaded before import = 0
Number of asset objects unloaded after import = 17
========================================================================
Received Import Request.
  Time since last request: 17.136388 seconds.
  path: Assets/Prefabs/Ball.prefab
  artifactKey: Guid(422828d2c7302c44097686cf80ebffd5) Importer(815301076,1909f56bfc062723c751e8b465ee728b)
Start importing Assets/Prefabs/Ball.prefab using Guid(422828d2c7302c44097686cf80ebffd5) Importer(815301076,1909f56bfc062723c751e8b465ee728b)  -> (artifact id: '69f614d95928c2791d7a169f4046ccc2') in 0.008667 seconds
Number of updated asset objects reloaded before import = 0
Number of asset objects unloaded after import = 17
========================================================================
Received Import Request.
  Time since last request: 5.502935 seconds.
  path: Assets/Prefabs/Ball.prefab
  artifactKey: Guid(422828d2c7302c44097686cf80ebffd5) Importer(815301076,1909f56bfc062723c751e8b465ee728b)
Start importing Assets/Prefabs/Ball.prefab using Guid(422828d2c7302c44097686cf80ebffd5) Importer(815301076,1909f56bfc062723c751e8b465ee728b)  -> (artifact id: 'f3aca4e09ac8299f336fa85f970c1f85') in 0.009880 seconds
Number of updated asset objects reloaded before import = 0
Number of asset objects unloaded after import = 17
========================================================================
Received Import Request.
  Time since last request: 3.832916 seconds.
  path: Assets/Prefabs/Ball.prefab
  artifactKey: Guid(422828d2c7302c44097686cf80ebffd5) Importer(815301076,1909f56bfc062723c751e8b465ee728b)
Start importing Assets/Prefabs/Ball.prefab using Guid(422828d2c7302c44097686cf80ebffd5) Importer(815301076,1909f56bfc062723c751e8b465ee728b)  -> (artifact id: '1b0324010985643e2ab4e404ad70cc73') in 0.009067 seconds
Number of updated asset objects reloaded before import = 0
Number of asset objects unloaded after import = 17
========================================================================
Received Import Request.
  Time since last request: 2.759536 seconds.
  path: Assets/Prefabs/Ball.prefab
  artifactKey: Guid(422828d2c7302c44097686cf80ebffd5) Importer(815301076,1909f56bfc062723c751e8b465ee728b)
Start importing Assets/Prefabs/Ball.prefab using Guid(422828d2c7302c44097686cf80ebffd5) Importer(815301076,1909f56bfc062723c751e8b465ee728b)  -> (artifact id: '3a964b9abffafedd93bef223b723dfa4') in 0.008180 seconds
Number of updated asset objects reloaded before import = 0
Number of asset objects unloaded after import = 17
========================================================================
Received Import Request.
  Time since last request: 4.398294 seconds.
  path: Assets/Prefabs/Ball.prefab
  artifactKey: Guid(422828d2c7302c44097686cf80ebffd5) Importer(815301076,1909f56bfc062723c751e8b465ee728b)
Start importing Assets/Prefabs/Ball.prefab using Guid(422828d2c7302c44097686cf80ebffd5) Importer(815301076,1909f56bfc062723c751e8b465ee728b)  -> (artifact id: 'ac07f28e0c0636848b6fa8a18fca00bb') in 0.008681 seconds
Number of updated asset objects reloaded before import = 0
Number of asset objects unloaded after import = 17
========================================================================
Received Import Request.
  Time since last request: 2.642871 seconds.
  path: Assets/Prefabs/Ball.prefab
  artifactKey: Guid(422828d2c7302c44097686cf80ebffd5) Importer(815301076,1909f56bfc062723c751e8b465ee728b)
Start importing Assets/Prefabs/Ball.prefab using Guid(422828d2c7302c44097686cf80ebffd5) Importer(815301076,1909f56bfc062723c751e8b465ee728b)  -> (artifact id: 'f9a8e5c0da883ffec5e7b14e75b0a192') in 0.009769 seconds
Number of updated asset objects reloaded before import = 0
Number of asset objects unloaded after import = 17
========================================================================
Received Import Request.
  Time since last request: 4.027215 seconds.
  path: Assets/Prefabs/Ball.prefab
  artifactKey: Guid(422828d2c7302c44097686cf80ebffd5) Importer(815301076,1909f56bfc062723c751e8b465ee728b)
Start importing Assets/Prefabs/Ball.prefab using Guid(422828d2c7302c44097686cf80ebffd5) Importer(815301076,1909f56bfc062723c751e8b465ee728b)  -> (artifact id: '3e9e3253edf3eecb57b28ae50189135e') in 0.006893 seconds
Number of updated asset objects reloaded before import = 0
Number of asset objects unloaded after import = 17
========================================================================
Received Import Request.
  Time since last request: 2.781224 seconds.
  path: Assets/Prefabs/Ball.prefab
  artifactKey: Guid(422828d2c7302c44097686cf80ebffd5) Importer(815301076,1909f56bfc062723c751e8b465ee728b)
Start importing Assets/Prefabs/Ball.prefab using Guid(422828d2c7302c44097686cf80ebffd5) Importer(815301076,1909f56bfc062723c751e8b465ee728b)  -> (artifact id: '1375e3a9de80e3d8b32e17bceac91210') in 0.009614 seconds
Number of updated asset objects reloaded before import = 0
Number of asset objects unloaded after import = 17
========================================================================
Received Import Request.
  Time since last request: 4.764940 seconds.
  path: Assets/Prefabs/Ball.prefab
  artifactKey: Guid(422828d2c7302c44097686cf80ebffd5) Importer(815301076,1909f56bfc062723c751e8b465ee728b)
Start importing Assets/Prefabs/Ball.prefab using Guid(422828d2c7302c44097686cf80ebffd5) Importer(815301076,1909f56bfc062723c751e8b465ee728b)  -> (artifact id: '8247b5ecf0b63f68d8dcc2d8e8672f00') in 0.008351 seconds
Number of updated asset objects reloaded before import = 0
Number of asset objects unloaded after import = 17
========================================================================
Received Import Request.
  Time since last request: 9.020006 seconds.
  path: Assets/Prefabs/Ball.prefab
  artifactKey: Guid(422828d2c7302c44097686cf80ebffd5) Importer(815301076,1909f56bfc062723c751e8b465ee728b)
Start importing Assets/Prefabs/Ball.prefab using Guid(422828d2c7302c44097686cf80ebffd5) Importer(815301076,1909f56bfc062723c751e8b465ee728b)  -> (artifact id: 'a5f5bfa49ae9674e4e5c150dba4d3324') in 0.010994 seconds
Number of updated asset objects reloaded before import = 0
Number of asset objects unloaded after import = 17
========================================================================
Received Import Request.
  Time since last request: 11.421541 seconds.
  path: Assets/Prefabs/Ball.prefab
  artifactKey: Guid(422828d2c7302c44097686cf80ebffd5) Importer(815301076,1909f56bfc062723c751e8b465ee728b)
Start importing Assets/Prefabs/Ball.prefab using Guid(422828d2c7302c44097686cf80ebffd5) Importer(815301076,1909f56bfc062723c751e8b465ee728b)  -> (artifact id: '9f61d2821e378123b19f909bcfbbff71') in 0.011591 seconds
Number of updated asset objects reloaded before import = 0
Number of asset objects unloaded after import = 17
========================================================================
Received Import Request.
  Time since last request: 5.096143 seconds.
  path: Assets/Prefabs/Ball.prefab
  artifactKey: Guid(422828d2c7302c44097686cf80ebffd5) Importer(815301076,1909f56bfc062723c751e8b465ee728b)
Start importing Assets/Prefabs/Ball.prefab using Guid(422828d2c7302c44097686cf80ebffd5) Importer(815301076,1909f56bfc062723c751e8b465ee728b)  -> (artifact id: '2926545a8b7d78aaf2f51859e52e1fb9') in 0.008605 seconds
Number of updated asset objects reloaded before import = 0
Number of asset objects unloaded after import = 17
========================================================================
Received Import Request.
  Time since last request: 14.616525 seconds.
  path: Assets/Prefabs/Ball.prefab
  artifactKey: Guid(422828d2c7302c44097686cf80ebffd5) Importer(815301076,1909f56bfc062723c751e8b465ee728b)
Start importing Assets/Prefabs/Ball.prefab using Guid(422828d2c7302c44097686cf80ebffd5) Importer(815301076,1909f56bfc062723c751e8b465ee728b)  -> (artifact id: '579dfaeb7c5edd24bf1ba72a348d01d6') in 0.007725 seconds
Number of updated asset objects reloaded before import = 0
Number of asset objects unloaded after import = 17
========================================================================
Received Import Request.
  Time since last request: 12.269365 seconds.
  path: Assets/Prefabs/Ball.prefab
  artifactKey: Guid(422828d2c7302c44097686cf80ebffd5) Importer(815301076,1909f56bfc062723c751e8b465ee728b)
Start importing Assets/Prefabs/Ball.prefab using Guid(422828d2c7302c44097686cf80ebffd5) Importer(815301076,1909f56bfc062723c751e8b465ee728b)  -> (artifact id: '2cc9220502c5758ec398b2bd0a03e3a2') in 0.008718 seconds
Number of updated asset objects reloaded before import = 0
Number of asset objects unloaded after import = 17
========================================================================
Received Import Request.
  Time since last request: 11.228475 seconds.
  path: Assets/Prefabs/Ball.prefab
  artifactKey: Guid(422828d2c7302c44097686cf80ebffd5) Importer(815301076,1909f56bfc062723c751e8b465ee728b)
Start importing Assets/Prefabs/Ball.prefab using Guid(422828d2c7302c44097686cf80ebffd5) Importer(815301076,1909f56bfc062723c751e8b465ee728b)  -> (artifact id: 'efba2c712c8c9481a614e415ad0d185a') in 0.008567 seconds
Number of updated asset objects reloaded before import = 0
Number of asset objects unloaded after import = 17
========================================================================
Received Import Request.
  Time since last request: 11.259097 seconds.
  path: Assets/Prefabs/Ball.prefab
  artifactKey: Guid(422828d2c7302c44097686cf80ebffd5) Importer(815301076,1909f56bfc062723c751e8b465ee728b)
Start importing Assets/Prefabs/Ball.prefab using Guid(422828d2c7302c44097686cf80ebffd5) Importer(815301076,1909f56bfc062723c751e8b465ee728b)  -> (artifact id: '63311f06f03ab7218e5990dbcda4a728') in 0.007854 seconds
Number of updated asset objects reloaded before import = 0
Number of asset objects unloaded after import = 17
========================================================================
Received Import Request.
  Time since last request: 3.060284 seconds.
  path: Assets/Prefabs/Ball.prefab
  artifactKey: Guid(422828d2c7302c44097686cf80ebffd5) Importer(815301076,1909f56bfc062723c751e8b465ee728b)
Start importing Assets/Prefabs/Ball.prefab using Guid(422828d2c7302c44097686cf80ebffd5) Importer(815301076,1909f56bfc062723c751e8b465ee728b)  -> (artifact id: '20b816bc463b2c5a8003ebdef6700d69') in 0.008357 seconds
Number of updated asset objects reloaded before import = 0
Number of asset objects unloaded after import = 17
========================================================================
Received Import Request.
  Time since last request: 2.552912 seconds.
  path: Assets/Prefabs/Ball.prefab
  artifactKey: Guid(422828d2c7302c44097686cf80ebffd5) Importer(815301076,1909f56bfc062723c751e8b465ee728b)
Start importing Assets/Prefabs/Ball.prefab using Guid(422828d2c7302c44097686cf80ebffd5) Importer(815301076,1909f56bfc062723c751e8b465ee728b)  -> (artifact id: '02f90cc09995fd19faee2f0e0f33e1f6') in 0.007616 seconds
Number of updated asset objects reloaded before import = 0
Number of asset objects unloaded after import = 17
========================================================================
Received Prepare
Begin MonoManager ReloadAssembly
Symbol file LoadedFromMemory doesn't match image C:\Users\yoshi\Unity\New Block Break\Library\PackageCache\com.unity.visualscripting@1.8.0\Editor\VisualScripting.Core\Dependencies\YamlDotNet\Unity.VisualScripting.YamlDotNet.dll
Symbol file LoadedFromMemory doesn't match image C:\Users\yoshi\Unity\New Block Break\Library\PackageCache\com.unity.visualscripting@1.8.0\Editor\VisualScripting.Core\Dependencies\DotNetZip\Unity.VisualScripting.IonicZip.dll
- Loaded All Assemblies, in  0.617 seconds
Refreshing native plugins compatible for Editor in 1.79 ms, found 3 plugins.
Native extension for WindowsStandalone target not found
Native extension for iOS target not found
Native extension for Android target not found
Native extension for WebGL target not found
Mono: successfully reloaded assembly
- Finished resetting the current domain, in  0.882 seconds
Domain Reload Profiling: 1496ms
	BeginReloadAssembly (118ms)
		ExecutionOrderSort (0ms)
		DisableScriptedObjects (4ms)
		BackupInstance (0ms)
		ReleaseScriptingObjects (0ms)
		CreateAndSetChildDomain (35ms)
	RebuildCommonClasses (24ms)
	RebuildNativeTypeToScriptingClass (10ms)
	initialDomainReloadingComplete (25ms)
	LoadAllAssembliesAndSetupDomain (436ms)
		LoadAssemblies (234ms)
		RebuildTransferFunctionScriptingTraits (0ms)
		AnalyzeDomain (248ms)
			TypeCache.Refresh (245ms)
				TypeCache.ScanAssembly (236ms)
			ScanForSourceGeneratedMonoScriptInfo (0ms)
			ResolveRequiredComponents (3ms)
	FinalizeReload (883ms)
		ReleaseScriptCaches (0ms)
		RebuildScriptCaches (0ms)
		SetupLoadedEditorAssemblies (522ms)
			LogAssemblyErrors (0ms)
			InitializePlatformSupportModulesInManaged (34ms)
			SetLoadedEditorAssemblies (5ms)
			RefreshPlugins (0ms)
			BeforeProcessingInitializeOnLoad (61ms)
			ProcessInitializeOnLoadAttributes (372ms)
			ProcessInitializeOnLoadMethodAttributes (39ms)
			AfterProcessingInitializeOnLoad (12ms)
			EditorAssembliesLoaded (0ms)
		ExecutionOrderSort2 (0ms)
		AwakeInstancesAfterBackupRestoration (15ms)
Refreshing native plugins compatible for Editor in 4.68 ms, found 3 plugins.
Preloading 0 native plugins for Editor in 0.00 ms.
Unloading 3062 Unused Serialized files (Serialized files now loaded: 0)
Unloading 23 unused Assets / (31.6 KB). Loaded Objects now: 3555.
Memory consumption went from 120.2 MB to 120.2 MB.
Total: 4.273000 ms (FindLiveObjects: 0.313600 ms CreateObjectMapping: 0.086700 ms MarkObjects: 3.653500 ms  DeleteObjects: 0.215600 ms)

Prepare: number of updated asset objects reloaded= 0
AssetImportParameters requested are different than current active one (requested -> active):
  custom:container-demuxer-ogg: 62fdf1f143b41e24485cea50d1cbac27 -> 
  custom:video-decoder-ogg-theora: a1e56fd34408186e4bbccfd4996cb3dc -> 
  custom:framework-win-MediaFoundation: 216162199b28c13a410421893ffa2e32 -> 
  custom:CustomObjectIndexerAttribute: 756ad292c208cfabdd7b50bc23989ffe -> 
  custom:container-demuxer-webm: 4f35f7cbe854078d1ac9338744f61a02 -> 
  custom:container-muxer-webm: aa71ff27fc2769a1b78a27578f13a17b -> 
  custom:video-decoder-webm-vp8: 9c59270c3fd7afecdb556c50c9e8de78 -> 
  custom:AudioImporter_EditorPlatform: d09bf68614088b80899f8185d706f6e7 -> 
  custom:video-encoder-webm-vp8: eb34c28f22e8b96e1ab97ce403110664 -> 
  custom:audio-decoder-ogg-vorbis: bf7c407c2cedff20999df2af8eb42d56 -> 
  custom:audio-encoder-webm-vorbis: bf7c407c2cedff20999df2af8eb42d56 -> 
========================================================================
Received Import Request.
  Time since last request: 172.925636 seconds.
  path: Assets/Prefabs/Ball.prefab
  artifactKey: Guid(422828d2c7302c44097686cf80ebffd5) Importer(815301076,1909f56bfc062723c751e8b465ee728b)
Start importing Assets/Prefabs/Ball.prefab using Guid(422828d2c7302c44097686cf80ebffd5) Importer(815301076,1909f56bfc062723c751e8b465ee728b)  -> (artifact id: 'cf62156ba1149bc4306b8150af8b4eed') in 0.085924 seconds
Number of updated asset objects reloaded before import = 0
Number of asset objects unloaded after import = 17
========================================================================
Received Import Request.
  Time since last request: 18.515977 seconds.
  path: Assets/Prefabs/Ball.prefab
  artifactKey: Guid(422828d2c7302c44097686cf80ebffd5) Importer(815301076,1909f56bfc062723c751e8b465ee728b)
Start importing Assets/Prefabs/Ball.prefab using Guid(422828d2c7302c44097686cf80ebffd5) Importer(815301076,1909f56bfc062723c751e8b465ee728b)  -> (artifact id: '244fc59eedf0caccdd0f67c9fe975534') in 0.008639 seconds
Number of updated asset objects reloaded before import = 0
Number of asset objects unloaded after import = 17
========================================================================
Received Import Request.
  Time since last request: 4.461599 seconds.
  path: Assets/Prefabs/Ball.prefab
  artifactKey: Guid(422828d2c7302c44097686cf80ebffd5) Importer(815301076,1909f56bfc062723c751e8b465ee728b)
Start importing Assets/Prefabs/Ball.prefab using Guid(422828d2c7302c44097686cf80ebffd5) Importer(815301076,1909f56bfc062723c751e8b465ee728b)  -> (artifact id: '5193b421227df75ec986741c603111a0') in 0.010921 seconds
Number of updated asset objects reloaded before import = 0
Number of asset objects unloaded after import = 17
========================================================================
Received Import Request.
  Time since last request: 9.021563 seconds.
  path: Assets/Prefabs/Ball.prefab
  artifactKey: Guid(422828d2c7302c44097686cf80ebffd5) Importer(815301076,1909f56bfc062723c751e8b465ee728b)
Start importing Assets/Prefabs/Ball.prefab using Guid(422828d2c7302c44097686cf80ebffd5) Importer(815301076,1909f56bfc062723c751e8b465ee728b)  -> (artifact id: 'caf10c5fc74c9b6c8ef2b597a31edc2e') in 0.009996 seconds
Number of updated asset objects reloaded before import = 0
Number of asset objects unloaded after import = 17
========================================================================
Received Import Request.
  Time since last request: 2.408501 seconds.
  path: Assets/Prefabs/Ball.prefab
  artifactKey: Guid(422828d2c7302c44097686cf80ebffd5) Importer(815301076,1909f56bfc062723c751e8b465ee728b)
Start importing Assets/Prefabs/Ball.prefab using Guid(422828d2c7302c44097686cf80ebffd5) Importer(815301076,1909f56bfc062723c751e8b465ee728b)  -> (artifact id: 'ffbfa58337558e5e9b1c594d5362a779') in 0.009054 seconds
Number of updated asset objects reloaded before import = 0
Number of asset objects unloaded after import = 17
========================================================================
Received Prepare
Begin MonoManager ReloadAssembly
Symbol file LoadedFromMemory doesn't match image C:\Users\yoshi\Unity\New Block Break\Library\PackageCache\com.unity.visualscripting@1.8.0\Editor\VisualScripting.Core\Dependencies\YamlDotNet\Unity.VisualScripting.YamlDotNet.dll
Symbol file LoadedFromMemory doesn't match image C:\Users\yoshi\Unity\New Block Break\Library\PackageCache\com.unity.visualscripting@1.8.0\Editor\VisualScripting.Core\Dependencies\DotNetZip\Unity.VisualScripting.IonicZip.dll
- Loaded All Assemblies, in  0.591 seconds
Refreshing native plugins compatible for Editor in 3.06 ms, found 3 plugins.
Native extension for WindowsStandalone target not found
Native extension for iOS target not found
Native extension for Android target not found
Native extension for WebGL target not found
Mono: successfully reloaded assembly
- Finished resetting the current domain, in  1.081 seconds
Domain Reload Profiling: 1671ms
	BeginReloadAssembly (124ms)
		ExecutionOrderSort (0ms)
		DisableScriptedObjects (5ms)
		BackupInstance (0ms)
		ReleaseScriptingObjects (0ms)
		CreateAndSetChildDomain (33ms)
	RebuildCommonClasses (28ms)
	RebuildNativeTypeToScriptingClass (13ms)
	initialDomainReloadingComplete (25ms)
	LoadAllAssembliesAndSetupDomain (400ms)
		LoadAssemblies (217ms)
		RebuildTransferFunctionScriptingTraits (0ms)
		AnalyzeDomain (232ms)
			TypeCache.Refresh (229ms)
				TypeCache.ScanAssembly (221ms)
			ScanForSourceGeneratedMonoScriptInfo (0ms)
			ResolveRequiredComponents (3ms)
	FinalizeReload (1082ms)
		ReleaseScriptCaches (0ms)
		RebuildScriptCaches (0ms)
		SetupLoadedEditorAssemblies (621ms)
			LogAssemblyErrors (0ms)
			InitializePlatformSupportModulesInManaged (112ms)
			SetLoadedEditorAssemblies (9ms)
			RefreshPlugins (0ms)
			BeforeProcessingInitializeOnLoad (111ms)
			ProcessInitializeOnLoadAttributes (359ms)
			ProcessInitializeOnLoadMethodAttributes (22ms)
			AfterProcessingInitializeOnLoad (7ms)
			EditorAssembliesLoaded (0ms)
		ExecutionOrderSort2 (0ms)
		AwakeInstancesAfterBackupRestoration (12ms)
Refreshing native plugins compatible for Editor in 7.81 ms, found 3 plugins.
Preloading 0 native plugins for Editor in 0.00 ms.
Unloading 3062 Unused Serialized files (Serialized files now loaded: 0)
Unloading 23 unused Assets / (30.8 KB). Loaded Objects now: 3559.
Memory consumption went from 120.3 MB to 120.3 MB.
Total: 5.577100 ms (FindLiveObjects: 0.344800 ms CreateObjectMapping: 0.122000 ms MarkObjects: 4.977700 ms  DeleteObjects: 0.130200 ms)

Prepare: number of updated asset objects reloaded= 0
AssetImportParameters requested are different than current active one (requested -> active):
  custom:container-demuxer-ogg: 62fdf1f143b41e24485cea50d1cbac27 -> 
  custom:video-decoder-ogg-theora: a1e56fd34408186e4bbccfd4996cb3dc -> 
  custom:framework-win-MediaFoundation: 216162199b28c13a410421893ffa2e32 -> 
  custom:CustomObjectIndexerAttribute: 756ad292c208cfabdd7b50bc23989ffe -> 
  custom:container-demuxer-webm: 4f35f7cbe854078d1ac9338744f61a02 -> 
  custom:container-muxer-webm: aa71ff27fc2769a1b78a27578f13a17b -> 
  custom:video-decoder-webm-vp8: 9c59270c3fd7afecdb556c50c9e8de78 -> 
  custom:AudioImporter_EditorPlatform: d09bf68614088b80899f8185d706f6e7 -> 
  custom:video-encoder-webm-vp8: eb34c28f22e8b96e1ab97ce403110664 -> 
  custom:audio-decoder-ogg-vorbis: bf7c407c2cedff20999df2af8eb42d56 -> 
  custom:audio-encoder-webm-vorbis: bf7c407c2cedff20999df2af8eb42d56 -> 
========================================================================
Received Prepare
Begin MonoManager ReloadAssembly
Symbol file LoadedFromMemory doesn't match image C:\Users\yoshi\Unity\New Block Break\Library\PackageCache\com.unity.visualscripting@1.8.0\Editor\VisualScripting.Core\Dependencies\YamlDotNet\Unity.VisualScripting.YamlDotNet.dll
Symbol file LoadedFromMemory doesn't match image C:\Users\yoshi\Unity\New Block Break\Library\PackageCache\com.unity.visualscripting@1.8.0\Editor\VisualScripting.Core\Dependencies\DotNetZip\Unity.VisualScripting.IonicZip.dll
- Loaded All Assemblies, in  0.625 seconds
Refreshing native plugins compatible for Editor in 1.60 ms, found 3 plugins.
Native extension for WindowsStandalone target not found
Native extension for iOS target not found
Native extension for Android target not found
Native extension for WebGL target not found
Mono: successfully reloaded assembly
- Finished resetting the current domain, in  1.070 seconds
Domain Reload Profiling: 1692ms
	BeginReloadAssembly (112ms)
		ExecutionOrderSort (0ms)
		DisableScriptedObjects (5ms)
		BackupInstance (0ms)
		ReleaseScriptingObjects (0ms)
		CreateAndSetChildDomain (31ms)
	RebuildCommonClasses (26ms)
	RebuildNativeTypeToScriptingClass (8ms)
	initialDomainReloadingComplete (23ms)
	LoadAllAssembliesAndSetupDomain (452ms)
		LoadAssemblies (204ms)
		RebuildTransferFunctionScriptingTraits (0ms)
		AnalyzeDomain (292ms)
			TypeCache.Refresh (289ms)
				TypeCache.ScanAssembly (282ms)
			ScanForSourceGeneratedMonoScriptInfo (0ms)
			ResolveRequiredComponents (2ms)
	FinalizeReload (1071ms)
		ReleaseScriptCaches (0ms)
		RebuildScriptCaches (0ms)
		SetupLoadedEditorAssemblies (569ms)
			LogAssemblyErrors (0ms)
			InitializePlatformSupportModulesInManaged (77ms)
			SetLoadedEditorAssemblies (7ms)
			RefreshPlugins (0ms)
			BeforeProcessingInitializeOnLoad (93ms)
			ProcessInitializeOnLoadAttributes (353ms)
			ProcessInitializeOnLoadMethodAttributes (28ms)
			AfterProcessingInitializeOnLoad (10ms)
			EditorAssembliesLoaded (0ms)
		ExecutionOrderSort2 (0ms)
		AwakeInstancesAfterBackupRestoration (12ms)
Refreshing native plugins compatible for Editor in 6.18 ms, found 3 plugins.
Preloading 0 native plugins for Editor in 0.00 ms.
Unloading 3062 Unused Serialized files (Serialized files now loaded: 0)
Unloading 21 unused Assets / (29.9 KB). Loaded Objects now: 3562.
Memory consumption went from 120.3 MB to 120.3 MB.
Total: 5.886200 ms (FindLiveObjects: 0.302200 ms CreateObjectMapping: 0.845700 ms MarkObjects: 4.643400 ms  DeleteObjects: 0.092100 ms)

Prepare: number of updated asset objects reloaded= 0
AssetImportParameters requested are different than current active one (requested -> active):
  custom:container-demuxer-ogg: 62fdf1f143b41e24485cea50d1cbac27 -> 
  custom:video-decoder-ogg-theora: a1e56fd34408186e4bbccfd4996cb3dc -> 
  custom:framework-win-MediaFoundation: 216162199b28c13a410421893ffa2e32 -> 
  custom:CustomObjectIndexerAttribute: 756ad292c208cfabdd7b50bc23989ffe -> 
  custom:container-demuxer-webm: 4f35f7cbe854078d1ac9338744f61a02 -> 
  custom:container-muxer-webm: aa71ff27fc2769a1b78a27578f13a17b -> 
  custom:video-decoder-webm-vp8: 9c59270c3fd7afecdb556c50c9e8de78 -> 
  custom:AudioImporter_EditorPlatform: d09bf68614088b80899f8185d706f6e7 -> 
  custom:video-encoder-webm-vp8: eb34c28f22e8b96e1ab97ce403110664 -> 
  custom:audio-decoder-ogg-vorbis: bf7c407c2cedff20999df2af8eb42d56 -> 
  custom:audio-encoder-webm-vorbis: bf7c407c2cedff20999df2af8eb42d56 -> 
========================================================================
Received Import Request.
  Time since last request: 135.691058 seconds.
  path: Assets/Prefabs/Ball.prefab
  artifactKey: Guid(422828d2c7302c44097686cf80ebffd5) Importer(815301076,1909f56bfc062723c751e8b465ee728b)
Start importing Assets/Prefabs/Ball.prefab using Guid(422828d2c7302c44097686cf80ebffd5) Importer(815301076,1909f56bfc062723c751e8b465ee728b)  -> (artifact id: '9a83d3f5ad17d684a8e884968c045b59') in 0.089513 seconds
Number of updated asset objects reloaded before import = 0
Number of asset objects unloaded after import = 17
========================================================================
Received Import Request.
  Time since last request: 1638.536532 seconds.
  path: Assets/Prefabs/BlockBreakEffect.prefab
  artifactKey: Guid(a47bd2c74342c9645ad6a58595c88d98) Importer(815301076,1909f56bfc062723c751e8b465ee728b)
Start importing Assets/Prefabs/BlockBreakEffect.prefab using Guid(a47bd2c74342c9645ad6a58595c88d98) Importer(815301076,1909f56bfc062723c751e8b465ee728b)  -> (artifact id: 'ca778d995d778e0fa12509f770febef3') in 0.028476 seconds
Number of updated asset objects reloaded before import = 0
Number of asset objects unloaded after import = 6
========================================================================
Received Import Request.
  Time since last request: 12.449563 seconds.
  path: Assets/Prefabs/BlockBreakEffect.prefab
  artifactKey: Guid(a47bd2c74342c9645ad6a58595c88d98) Importer(815301076,1909f56bfc062723c751e8b465ee728b)
Start importing Assets/Prefabs/BlockBreakEffect.prefab using Guid(a47bd2c74342c9645ad6a58595c88d98) Importer(815301076,1909f56bfc062723c751e8b465ee728b)  -> (artifact id: 'd7c97ff79dbac4969c308c4b51ff61dd') in 0.007973 seconds
Number of updated asset objects reloaded before import = 0
Number of asset objects unloaded after import = 6
========================================================================
Received Import Request.
  Time since last request: 5.671931 seconds.
  path: Assets/Prefabs/BlockBreakEffect.prefab
  artifactKey: Guid(a47bd2c74342c9645ad6a58595c88d98) Importer(815301076,1909f56bfc062723c751e8b465ee728b)
Start importing Assets/Prefabs/BlockBreakEffect.prefab using Guid(a47bd2c74342c9645ad6a58595c88d98) Importer(815301076,1909f56bfc062723c751e8b465ee728b)  -> (artifact id: 'b10af412573198cc8e3166e158db76e6') in 0.013881 seconds
Number of updated asset objects reloaded before import = 0
Number of asset objects unloaded after import = 6
========================================================================
Received Import Request.
  Time since last request: 18.522771 seconds.
  path: Assets/Prefabs/BlockBreakEffect.prefab
  artifactKey: Guid(a47bd2c74342c9645ad6a58595c88d98) Importer(815301076,1909f56bfc062723c751e8b465ee728b)
Start importing Assets/Prefabs/BlockBreakEffect.prefab using Guid(a47bd2c74342c9645ad6a58595c88d98) Importer(815301076,1909f56bfc062723c751e8b465ee728b)  -> (artifact id: '968d83b4a4c5a951af920a5b1a6a0c54') in 0.011679 seconds
Number of updated asset objects reloaded before import = 0
Number of asset objects unloaded after import = 6
========================================================================
Received Import Request.
  Time since last request: 6.732121 seconds.
  path: Assets/Prefabs/BlockBreakEffect.prefab
  artifactKey: Guid(a47bd2c74342c9645ad6a58595c88d98) Importer(815301076,1909f56bfc062723c751e8b465ee728b)
Start importing Assets/Prefabs/BlockBreakEffect.prefab using Guid(a47bd2c74342c9645ad6a58595c88d98) Importer(815301076,1909f56bfc062723c751e8b465ee728b)  -> (artifact id: 'eb1dcac6a4cdc0dd71d2187f94769acc') in 0.007092 seconds
Number of updated asset objects reloaded before import = 0
Number of asset objects unloaded after import = 6
========================================================================
Received Import Request.
  Time since last request: 14.294822 seconds.
  path: Assets/Prefabs/BlockBreakEffect.prefab
  artifactKey: Guid(a47bd2c74342c9645ad6a58595c88d98) Importer(815301076,1909f56bfc062723c751e8b465ee728b)
Start importing Assets/Prefabs/BlockBreakEffect.prefab using Guid(a47bd2c74342c9645ad6a58595c88d98) Importer(815301076,1909f56bfc062723c751e8b465ee728b)  -> (artifact id: 'e1915f5c1e665429dcb5af0b6b30da36') in 0.011034 seconds
Number of updated asset objects reloaded before import = 0
Number of asset objects unloaded after import = 6
========================================================================
Received Import Request.
  Time since last request: 26.575510 seconds.
  path: Assets/Prefabs/BlockBreakEffect.prefab
  artifactKey: Guid(a47bd2c74342c9645ad6a58595c88d98) Importer(815301076,1909f56bfc062723c751e8b465ee728b)
Start importing Assets/Prefabs/BlockBreakEffect.prefab using Guid(a47bd2c74342c9645ad6a58595c88d98) Importer(815301076,1909f56bfc062723c751e8b465ee728b)  -> (artifact id: '2d86592475f52867347db0c58e805714') in 0.011312 seconds
Number of updated asset objects reloaded before import = 0
Number of asset objects unloaded after import = 6
========================================================================
Received Import Request.
  Time since last request: 2.922438 seconds.
  path: Assets/Prefabs/BlockBreakEffect.prefab
  artifactKey: Guid(a47bd2c74342c9645ad6a58595c88d98) Importer(815301076,1909f56bfc062723c751e8b465ee728b)
Start importing Assets/Prefabs/BlockBreakEffect.prefab using Guid(a47bd2c74342c9645ad6a58595c88d98) Importer(815301076,1909f56bfc062723c751e8b465ee728b)  -> (artifact id: '3859aea959a20a05ed69eeea407d3b5e') in 0.008537 seconds
Number of updated asset objects reloaded before import = 0
Number of asset objects unloaded after import = 6
========================================================================
Received Import Request.
  Time since last request: 3.510716 seconds.
  path: Assets/Prefabs/BlockBreakEffect.prefab
  artifactKey: Guid(a47bd2c74342c9645ad6a58595c88d98) Importer(815301076,1909f56bfc062723c751e8b465ee728b)
Start importing Assets/Prefabs/BlockBreakEffect.prefab using Guid(a47bd2c74342c9645ad6a58595c88d98) Importer(815301076,1909f56bfc062723c751e8b465ee728b)  -> (artifact id: '100011638b894b7a8af8f7de47c02769') in 0.051441 seconds
Number of updated asset objects reloaded before import = 0
Number of asset objects unloaded after import = 6
========================================================================
Received Import Request.
  Time since last request: 3.153107 seconds.
  path: Assets/Prefabs/BlockBreakEffect.prefab
  artifactKey: Guid(a47bd2c74342c9645ad6a58595c88d98) Importer(815301076,1909f56bfc062723c751e8b465ee728b)
Start importing Assets/Prefabs/BlockBreakEffect.prefab using Guid(a47bd2c74342c9645ad6a58595c88d98) Importer(815301076,1909f56bfc062723c751e8b465ee728b)  -> (artifact id: 'e108d0f0311abc9d63d9fb33c95a4d76') in 0.007259 seconds
Number of updated asset objects reloaded before import = 0
Number of asset objects unloaded after import = 6
========================================================================
Received Import Request.
  Time since last request: 6.614625 seconds.
  path: Assets/Prefabs/BlockBreakEffect.prefab
  artifactKey: Guid(a47bd2c74342c9645ad6a58595c88d98) Importer(815301076,1909f56bfc062723c751e8b465ee728b)
Start importing Assets/Prefabs/BlockBreakEffect.prefab using Guid(a47bd2c74342c9645ad6a58595c88d98) Importer(815301076,1909f56bfc062723c751e8b465ee728b)  -> (artifact id: 'acc9fef5438945ce30aeda63e1812991') in 0.010648 seconds
Number of updated asset objects reloaded before import = 0
Number of asset objects unloaded after import = 6
========================================================================
Received Import Request.
  Time since last request: 2.447617 seconds.
  path: Assets/Prefabs/BlockBreakEffect.prefab
  artifactKey: Guid(a47bd2c74342c9645ad6a58595c88d98) Importer(815301076,1909f56bfc062723c751e8b465ee728b)
Start importing Assets/Prefabs/BlockBreakEffect.prefab using Guid(a47bd2c74342c9645ad6a58595c88d98) Importer(815301076,1909f56bfc062723c751e8b465ee728b)  -> (artifact id: '271fb6369030e171a1729c362059412c') in 0.008196 seconds
Number of updated asset objects reloaded before import = 0
Number of asset objects unloaded after import = 6
========================================================================
Received Import Request.
  Time since last request: 4.675501 seconds.
  path: Assets/Prefabs/BlockBreakEffect.prefab
  artifactKey: Guid(a47bd2c74342c9645ad6a58595c88d98) Importer(815301076,1909f56bfc062723c751e8b465ee728b)
Start importing Assets/Prefabs/BlockBreakEffect.prefab using Guid(a47bd2c74342c9645ad6a58595c88d98) Importer(815301076,1909f56bfc062723c751e8b465ee728b)  -> (artifact id: '31f28d50dba1a1744f50cd982a679e98') in 0.007145 seconds
Number of updated asset objects reloaded before import = 0
Number of asset objects unloaded after import = 6
========================================================================
Received Import Request.
  Time since last request: 28.559985 seconds.
  path: Assets/Materials/BreakEffect.mat
  artifactKey: Guid(06f138730c3edfc46b679fcafa43640b) Importer(815301076,1909f56bfc062723c751e8b465ee728b)
Start importing Assets/Materials/BreakEffect.mat using Guid(06f138730c3edfc46b679fcafa43640b) Importer(815301076,1909f56bfc062723c751e8b465ee728b)  -> (artifact id: 'a51ac1277fe49b9567b487aa030b0725') in 0.038497 seconds
Number of updated asset objects reloaded before import = 0
Number of asset objects unloaded after import = 1
========================================================================
Received Import Request.
  Time since last request: 8134.708956 seconds.
  path: Assets/Scripts/BallBehaviour.cs
  artifactKey: Guid(f54181fb498fee240966c3b0528086cd) Importer(815301076,1909f56bfc062723c751e8b465ee728b)
Start importing Assets/Scripts/BallBehaviour.cs using Guid(f54181fb498fee240966c3b0528086cd) Importer(815301076,1909f56bfc062723c751e8b465ee728b)  -> (artifact id: '006cfc9f06939de1c6c66d61f4ddd92a') in 0.001180 seconds
Number of updated asset objects reloaded before import = 0
Number of asset objects unloaded after import = 0
========================================================================
Received Import Request.
  Time since last request: 200.788814 seconds.
  path: Assets/Scripts/BallBehaviour.cs
  artifactKey: Guid(f54181fb498fee240966c3b0528086cd) Importer(815301076,1909f56bfc062723c751e8b465ee728b)
Start importing Assets/Scripts/BallBehaviour.cs using Guid(f54181fb498fee240966c3b0528086cd) Importer(815301076,1909f56bfc062723c751e8b465ee728b)  -> (artifact id: '9c770a99c7cfe4855090d5f19310290d') in 0.000871 seconds
Number of updated asset objects reloaded before import = 0
Number of asset objects unloaded after import = 0
========================================================================
Received Prepare
Begin MonoManager ReloadAssembly
Symbol file LoadedFromMemory doesn't match image C:\Users\yoshi\Unity\New Block Break\Library\PackageCache\com.unity.visualscripting@1.8.0\Editor\VisualScripting.Core\Dependencies\YamlDotNet\Unity.VisualScripting.YamlDotNet.dll
Symbol file LoadedFromMemory doesn't match image C:\Users\yoshi\Unity\New Block Break\Library\PackageCache\com.unity.visualscripting@1.8.0\Editor\VisualScripting.Core\Dependencies\DotNetZip\Unity.VisualScripting.IonicZip.dll
- Loaded All Assemblies, in  0.893 seconds
Refreshing native plugins compatible for Editor in 1.76 ms, found 3 plugins.
Native extension for WindowsStandalone target not found
Native extension for iOS target not found
Native extension for Android target not found
Native extension for WebGL target not found
Mono: successfully reloaded assembly
- Finished resetting the current domain, in  1.136 seconds
Domain Reload Profiling: 2027ms
	BeginReloadAssembly (277ms)
		ExecutionOrderSort (0ms)
		DisableScriptedObjects (9ms)
		BackupInstance (0ms)
		ReleaseScriptingObjects (0ms)
		CreateAndSetChildDomain (139ms)
	RebuildCommonClasses (29ms)
	RebuildNativeTypeToScriptingClass (8ms)
	initialDomainReloadingComplete (28ms)
	LoadAllAssembliesAndSetupDomain (548ms)
		LoadAssemblies (389ms)
		RebuildTransferFunctionScriptingTraits (0ms)
		AnalyzeDomain (243ms)
			TypeCache.Refresh (238ms)
				TypeCache.ScanAssembly (220ms)
			ScanForSourceGeneratedMonoScriptInfo (3ms)
			ResolveRequiredComponents (3ms)
	FinalizeReload (1136ms)
		ReleaseScriptCaches (0ms)
		RebuildScriptCaches (0ms)
		SetupLoadedEditorAssemblies (254ms)
			LogAssemblyErrors (0ms)
			InitializePlatformSupportModulesInManaged (30ms)
			SetLoadedEditorAssemblies (3ms)
			RefreshPlugins (0ms)
			BeforeProcessingInitializeOnLoad (45ms)
			ProcessInitializeOnLoadAttributes (154ms)
			ProcessInitializeOnLoadMethodAttributes (17ms)
			AfterProcessingInitializeOnLoad (6ms)
			EditorAssembliesLoaded (0ms)
		ExecutionOrderSort2 (0ms)
		AwakeInstancesAfterBackupRestoration (7ms)
Refreshing native plugins compatible for Editor in 2.91 ms, found 3 plugins.
Preloading 0 native plugins for Editor in 0.00 ms.
Unloading 3062 Unused Serialized files (Serialized files now loaded: 0)
Unloading 25 unused Assets / (32.7 KB). Loaded Objects now: 3600.
Memory consumption went from 120.6 MB to 120.6 MB.
Total: 3.111700 ms (FindLiveObjects: 0.211100 ms CreateObjectMapping: 0.083600 ms MarkObjects: 2.696400 ms  DeleteObjects: 0.118800 ms)

Prepare: number of updated asset objects reloaded= 0
AssetImportParameters requested are different than current active one (requested -> active):
  custom:container-demuxer-ogg: 62fdf1f143b41e24485cea50d1cbac27 -> 
  custom:video-decoder-ogg-theora: a1e56fd34408186e4bbccfd4996cb3dc -> 
  custom:framework-win-MediaFoundation: 216162199b28c13a410421893ffa2e32 -> 
  custom:CustomObjectIndexerAttribute: 756ad292c208cfabdd7b50bc23989ffe -> 
  custom:container-demuxer-webm: 4f35f7cbe854078d1ac9338744f61a02 -> 
  custom:container-muxer-webm: aa71ff27fc2769a1b78a27578f13a17b -> 
  custom:video-decoder-webm-vp8: 9c59270c3fd7afecdb556c50c9e8de78 -> 
  custom:AudioImporter_EditorPlatform: d09bf68614088b80899f8185d706f6e7 -> 
  custom:video-encoder-webm-vp8: eb34c28f22e8b96e1ab97ce403110664 -> 
  custom:audio-decoder-ogg-vorbis: bf7c407c2cedff20999df2af8eb42d56 -> 
  custom:audio-encoder-webm-vorbis: bf7c407c2cedff20999df2af8eb42d56 -> 
========================================================================
Received Import Request.
  Time since last request: 9.977945 seconds.
  path: Assets/Prefabs/Ball.prefab
  artifactKey: Guid(422828d2c7302c44097686cf80ebffd5) Importer(815301076,1909f56bfc062723c751e8b465ee728b)
Start importing Assets/Prefabs/Ball.prefab using Guid(422828d2c7302c44097686cf80ebffd5) Importer(815301076,1909f56bfc062723c751e8b465ee728b)  -> (artifact id: '214630fd871ff3ee08b0610e922c2f71') in 0.067482 seconds
Number of updated asset objects reloaded before import = 0
Number of asset objects unloaded after import = 17
========================================================================
Received Import Request.
  Time since last request: 13.857195 seconds.
  path: Assets/Prefabs/BreakableBlock.prefab
  artifactKey: Guid(8adc80a6c70b7f742b607010d3fe9003) Importer(815301076,1909f56bfc062723c751e8b465ee728b)
Start importing Assets/Prefabs/BreakableBlock.prefab using Guid(8adc80a6c70b7f742b607010d3fe9003) Importer(815301076,1909f56bfc062723c751e8b465ee728b)  -> (artifact id: 'b30174eac0c6e7245a25bce01b4d1c70') in 0.011603 seconds
Number of updated asset objects reloaded before import = 0
Number of asset objects unloaded after import = 12
========================================================================
Received Import Request.
  Time since last request: 7.789523 seconds.
  path: Assets/Prefabs/BreakableBlock.prefab
  artifactKey: Guid(8adc80a6c70b7f742b607010d3fe9003) Importer(815301076,1909f56bfc062723c751e8b465ee728b)
Start importing Assets/Prefabs/BreakableBlock.prefab using Guid(8adc80a6c70b7f742b607010d3fe9003) Importer(815301076,1909f56bfc062723c751e8b465ee728b)  -> (artifact id: '41374df1f41594b5a1ec8ac75d26875b') in 0.009390 seconds
Number of updated asset objects reloaded before import = 0
Number of asset objects unloaded after import = 12
========================================================================
Received Import Request.
  Time since last request: 72.012776 seconds.
  path: Assets/Prefabs/BlockBreakEffect.prefab
  artifactKey: Guid(a47bd2c74342c9645ad6a58595c88d98) Importer(815301076,1909f56bfc062723c751e8b465ee728b)
Start importing Assets/Prefabs/BlockBreakEffect.prefab using Guid(a47bd2c74342c9645ad6a58595c88d98) Importer(815301076,1909f56bfc062723c751e8b465ee728b)  -> (artifact id: '23807bce0ebc57f47262646484efd730') in 0.017314 seconds
Number of updated asset objects reloaded before import = 0
Number of asset objects unloaded after import = 6
========================================================================
Received Import Request.
  Time since last request: 2.148866 seconds.
  path: Assets/Prefabs/BlockBreakEffect.prefab
  artifactKey: Guid(a47bd2c74342c9645ad6a58595c88d98) Importer(815301076,1909f56bfc062723c751e8b465ee728b)
Start importing Assets/Prefabs/BlockBreakEffect.prefab using Guid(a47bd2c74342c9645ad6a58595c88d98) Importer(815301076,1909f56bfc062723c751e8b465ee728b)  -> (artifact id: '8979df1bce0a783d33e496194ca49b4f') in 0.008317 seconds
Number of updated asset objects reloaded before import = 0
Number of asset objects unloaded after import = 6
========================================================================
Received Import Request.
  Time since last request: 3.069322 seconds.
  path: Assets/Prefabs/BlockBreakEffect.prefab
  artifactKey: Guid(a47bd2c74342c9645ad6a58595c88d98) Importer(815301076,1909f56bfc062723c751e8b465ee728b)
Start importing Assets/Prefabs/BlockBreakEffect.prefab using Guid(a47bd2c74342c9645ad6a58595c88d98) Importer(815301076,1909f56bfc062723c751e8b465ee728b)  -> (artifact id: '6a948809c1c816590fcd6675a3ed946a') in 0.009033 seconds
Number of updated asset objects reloaded before import = 0
Number of asset objects unloaded after import = 6
========================================================================
Received Import Request.
  Time since last request: 30.665368 seconds.
  path: Assets/Prefabs/BlockBreakEffect.prefab
  artifactKey: Guid(a47bd2c74342c9645ad6a58595c88d98) Importer(815301076,1909f56bfc062723c751e8b465ee728b)
Start importing Assets/Prefabs/BlockBreakEffect.prefab using Guid(a47bd2c74342c9645ad6a58595c88d98) Importer(815301076,1909f56bfc062723c751e8b465ee728b)  -> (artifact id: '3b3a224eccd6aa226b802c934ffae031') in 0.007720 seconds
Number of updated asset objects reloaded before import = 0
Number of asset objects unloaded after import = 6
========================================================================
Received Import Request.
  Time since last request: 2.051817 seconds.
  path: Assets/Prefabs/BlockBreakEffect.prefab
  artifactKey: Guid(a47bd2c74342c9645ad6a58595c88d98) Importer(815301076,1909f56bfc062723c751e8b465ee728b)
Start importing Assets/Prefabs/BlockBreakEffect.prefab using Guid(a47bd2c74342c9645ad6a58595c88d98) Importer(815301076,1909f56bfc062723c751e8b465ee728b)  -> (artifact id: '003161c192f404afe8ebf09e49e09cd8') in 0.008431 seconds
Number of updated asset objects reloaded before import = 0
Number of asset objects unloaded after import = 6
========================================================================
Received Import Request.
  Time since last request: 3.080710 seconds.
  path: Assets/Prefabs/BlockBreakEffect.prefab
  artifactKey: Guid(a47bd2c74342c9645ad6a58595c88d98) Importer(815301076,1909f56bfc062723c751e8b465ee728b)
Start importing Assets/Prefabs/BlockBreakEffect.prefab using Guid(a47bd2c74342c9645ad6a58595c88d98) Importer(815301076,1909f56bfc062723c751e8b465ee728b)  -> (artifact id: 'e28645d490b3bf007cc4a351c355e2ea') in 0.015933 seconds
Number of updated asset objects reloaded before import = 0
Number of asset objects unloaded after import = 6
========================================================================
Received Import Request.
  Time since last request: 3.237750 seconds.
  path: Assets/Prefabs/BlockBreakEffect.prefab
  artifactKey: Guid(a47bd2c74342c9645ad6a58595c88d98) Importer(815301076,1909f56bfc062723c751e8b465ee728b)
Start importing Assets/Prefabs/BlockBreakEffect.prefab using Guid(a47bd2c74342c9645ad6a58595c88d98) Importer(815301076,1909f56bfc062723c751e8b465ee728b)  -> (artifact id: '229f2daabd5a4a41599a19166aaf5a3d') in 0.010490 seconds
Number of updated asset objects reloaded before import = 0
Number of asset objects unloaded after import = 6
========================================================================
Received Import Request.
  Time since last request: 1.621907 seconds.
  path: Assets/Prefabs/BlockBreakEffect.prefab
  artifactKey: Guid(a47bd2c74342c9645ad6a58595c88d98) Importer(815301076,1909f56bfc062723c751e8b465ee728b)
Start importing Assets/Prefabs/BlockBreakEffect.prefab using Guid(a47bd2c74342c9645ad6a58595c88d98) Importer(815301076,1909f56bfc062723c751e8b465ee728b)  -> (artifact id: '3e77689033c06138b6ac38e510b9ffcf') in 0.008606 seconds
Number of updated asset objects reloaded before import = 0
Number of asset objects unloaded after import = 6
========================================================================
Received Import Request.
  Time since last request: 2.253386 seconds.
  path: Assets/Prefabs/BlockBreakEffect.prefab
  artifactKey: Guid(a47bd2c74342c9645ad6a58595c88d98) Importer(815301076,1909f56bfc062723c751e8b465ee728b)
Start importing Assets/Prefabs/BlockBreakEffect.prefab using Guid(a47bd2c74342c9645ad6a58595c88d98) Importer(815301076,1909f56bfc062723c751e8b465ee728b)  -> (artifact id: 'dc890613e0a9f49bc57b751f33dfc499') in 0.009450 seconds
Number of updated asset objects reloaded before import = 0
Number of asset objects unloaded after import = 6
========================================================================
Received Import Request.
  Time since last request: 3.083742 seconds.
  path: Assets/Prefabs/BlockBreakEffect.prefab
  artifactKey: Guid(a47bd2c74342c9645ad6a58595c88d98) Importer(815301076,1909f56bfc062723c751e8b465ee728b)
Start importing Assets/Prefabs/BlockBreakEffect.prefab using Guid(a47bd2c74342c9645ad6a58595c88d98) Importer(815301076,1909f56bfc062723c751e8b465ee728b)  -> (artifact id: '737170374798874a63df1ef2dbfacd77') in 0.009430 seconds
Number of updated asset objects reloaded before import = 0
Number of asset objects unloaded after import = 6
========================================================================
Received Import Request.
  Time since last request: 3.067484 seconds.
  path: Assets/Prefabs/BlockBreakEffect.prefab
  artifactKey: Guid(a47bd2c74342c9645ad6a58595c88d98) Importer(815301076,1909f56bfc062723c751e8b465ee728b)
Start importing Assets/Prefabs/BlockBreakEffect.prefab using Guid(a47bd2c74342c9645ad6a58595c88d98) Importer(815301076,1909f56bfc062723c751e8b465ee728b)  -> (artifact id: 'bf2e6b3533a4611fc2aba5c1073d7c1f') in 0.008234 seconds
Number of updated asset objects reloaded before import = 0
Number of asset objects unloaded after import = 6
========================================================================
Received Import Request.
  Time since last request: 16.793942 seconds.
  path: Assets/Prefabs/BlockBreakEffect.prefab
  artifactKey: Guid(a47bd2c74342c9645ad6a58595c88d98) Importer(815301076,1909f56bfc062723c751e8b465ee728b)
Start importing Assets/Prefabs/BlockBreakEffect.prefab using Guid(a47bd2c74342c9645ad6a58595c88d98) Importer(815301076,1909f56bfc062723c751e8b465ee728b)  -> (artifact id: '5066c2cfc841b7f58fcec6e5621595aa') in 0.009128 seconds
Number of updated asset objects reloaded before import = 0
Number of asset objects unloaded after import = 6
========================================================================
Received Import Request.
  Time since last request: 3.073479 seconds.
  path: Assets/Prefabs/BlockBreakEffect.prefab
  artifactKey: Guid(a47bd2c74342c9645ad6a58595c88d98) Importer(815301076,1909f56bfc062723c751e8b465ee728b)
Start importing Assets/Prefabs/BlockBreakEffect.prefab using Guid(a47bd2c74342c9645ad6a58595c88d98) Importer(815301076,1909f56bfc062723c751e8b465ee728b)  -> (artifact id: '3f6cdcf599f37ec562fe26d73d8bdba6') in 0.007029 seconds
Number of updated asset objects reloaded before import = 0
Number of asset objects unloaded after import = 6
========================================================================
Received Import Request.
  Time since last request: 2.845977 seconds.
  path: Assets/Prefabs/BlockBreakEffect.prefab
  artifactKey: Guid(a47bd2c74342c9645ad6a58595c88d98) Importer(815301076,1909f56bfc062723c751e8b465ee728b)
Start importing Assets/Prefabs/BlockBreakEffect.prefab using Guid(a47bd2c74342c9645ad6a58595c88d98) Importer(815301076,1909f56bfc062723c751e8b465ee728b)  -> (artifact id: '4e5ab15fc801301032af8e65acb4e118') in 0.009460 seconds
Number of updated asset objects reloaded before import = 0
Number of asset objects unloaded after import = 6
========================================================================
Received Import Request.
  Time since last request: 2.653329 seconds.
  path: Assets/Prefabs/BlockBreakEffect.prefab
  artifactKey: Guid(a47bd2c74342c9645ad6a58595c88d98) Importer(815301076,1909f56bfc062723c751e8b465ee728b)
Start importing Assets/Prefabs/BlockBreakEffect.prefab using Guid(a47bd2c74342c9645ad6a58595c88d98) Importer(815301076,1909f56bfc062723c751e8b465ee728b)  -> (artifact id: 'faefa9e5e410628ef702d6cea75fdc1c') in 0.009310 seconds
Number of updated asset objects reloaded before import = 0
Number of asset objects unloaded after import = 6
========================================================================
Received Import Request.
  Time since last request: 4.492943 seconds.
  path: Assets/Prefabs/BlockBreakEffect.prefab
  artifactKey: Guid(a47bd2c74342c9645ad6a58595c88d98) Importer(815301076,1909f56bfc062723c751e8b465ee728b)
Start importing Assets/Prefabs/BlockBreakEffect.prefab using Guid(a47bd2c74342c9645ad6a58595c88d98) Importer(815301076,1909f56bfc062723c751e8b465ee728b)  -> (artifact id: '4ab4e3a3f7b044fcfba356ff8ecab3cd') in 0.012830 seconds
Number of updated asset objects reloaded before import = 0
Number of asset objects unloaded after import = 6
========================================================================
Received Import Request.
  Time since last request: 3.252835 seconds.
  path: Assets/Prefabs/BlockBreakEffect.prefab
  artifactKey: Guid(a47bd2c74342c9645ad6a58595c88d98) Importer(815301076,1909f56bfc062723c751e8b465ee728b)
Start importing Assets/Prefabs/BlockBreakEffect.prefab using Guid(a47bd2c74342c9645ad6a58595c88d98) Importer(815301076,1909f56bfc062723c751e8b465ee728b)  -> (artifact id: '6aa48eefba649fe6ce9d2ed7142821ca') in 0.008686 seconds
Number of updated asset objects reloaded before import = 0
Number of asset objects unloaded after import = 6
========================================================================
Received Import Request.
  Time since last request: 3.248648 seconds.
  path: Assets/Prefabs/BlockBreakEffect.prefab
  artifactKey: Guid(a47bd2c74342c9645ad6a58595c88d98) Importer(815301076,1909f56bfc062723c751e8b465ee728b)
Start importing Assets/Prefabs/BlockBreakEffect.prefab using Guid(a47bd2c74342c9645ad6a58595c88d98) Importer(815301076,1909f56bfc062723c751e8b465ee728b)  -> (artifact id: '64a8284836f2dbc826b52bc6ff939049') in 0.007343 seconds
Number of updated asset objects reloaded before import = 0
Number of asset objects unloaded after import = 6
========================================================================
Received Import Request.
  Time since last request: 1.222393 seconds.
  path: Assets/Prefabs/BlockBreakEffect.prefab
  artifactKey: Guid(a47bd2c74342c9645ad6a58595c88d98) Importer(815301076,1909f56bfc062723c751e8b465ee728b)
Start importing Assets/Prefabs/BlockBreakEffect.prefab using Guid(a47bd2c74342c9645ad6a58595c88d98) Importer(815301076,1909f56bfc062723c751e8b465ee728b)  -> (artifact id: 'ed16302da807849ddeabb877cac2615d') in 0.009419 seconds
Number of updated asset objects reloaded before import = 0
Number of asset objects unloaded after import = 6
========================================================================
Received Import Request.
  Time since last request: 2.446073 seconds.
  path: Assets/Prefabs/BlockBreakEffect.prefab
  artifactKey: Guid(a47bd2c74342c9645ad6a58595c88d98) Importer(815301076,1909f56bfc062723c751e8b465ee728b)
Start importing Assets/Prefabs/BlockBreakEffect.prefab using Guid(a47bd2c74342c9645ad6a58595c88d98) Importer(815301076,1909f56bfc062723c751e8b465ee728b)  -> (artifact id: 'd885f7db8656c6855f82c258faaa6363') in 0.008975 seconds
Number of updated asset objects reloaded before import = 0
Number of asset objects unloaded after import = 6
========================================================================
Received Import Request.
  Time since last request: 15.602348 seconds.
  path: Assets/Prefabs/BlockBreakEffect.prefab
  artifactKey: Guid(a47bd2c74342c9645ad6a58595c88d98) Importer(815301076,1909f56bfc062723c751e8b465ee728b)
Start importing Assets/Prefabs/BlockBreakEffect.prefab using Guid(a47bd2c74342c9645ad6a58595c88d98) Importer(815301076,1909f56bfc062723c751e8b465ee728b)  -> (artifact id: '5e12654438ed0927d2feb801e11d663d') in 0.008359 seconds
Number of updated asset objects reloaded before import = 0
Number of asset objects unloaded after import = 6
========================================================================
Received Import Request.
  Time since last request: 13.417678 seconds.
  path: Assets/Prefabs/BlockBreakEffect.prefab
  artifactKey: Guid(a47bd2c74342c9645ad6a58595c88d98) Importer(815301076,1909f56bfc062723c751e8b465ee728b)
Start importing Assets/Prefabs/BlockBreakEffect.prefab using Guid(a47bd2c74342c9645ad6a58595c88d98) Importer(815301076,1909f56bfc062723c751e8b465ee728b)  -> (artifact id: '22b6d9cd9202b3aae889c5f8a1cf1f56') in 0.006464 seconds
Number of updated asset objects reloaded before import = 0
Number of asset objects unloaded after import = 6
========================================================================
Received Import Request.
  Time since last request: 6.206250 seconds.
  path: Assets/Prefabs/BlockBreakEffect.prefab
  artifactKey: Guid(a47bd2c74342c9645ad6a58595c88d98) Importer(815301076,1909f56bfc062723c751e8b465ee728b)
Start importing Assets/Prefabs/BlockBreakEffect.prefab using Guid(a47bd2c74342c9645ad6a58595c88d98) Importer(815301076,1909f56bfc062723c751e8b465ee728b)  -> (artifact id: 'b8fa9dc2c71851d2a47675002808140d') in 0.012448 seconds
Number of updated asset objects reloaded before import = 0
Number of asset objects unloaded after import = 6
========================================================================
Received Prepare
Begin MonoManager ReloadAssembly
Symbol file LoadedFromMemory doesn't match image C:\Users\yoshi\Unity\New Block Break\Library\PackageCache\com.unity.visualscripting@1.8.0\Editor\VisualScripting.Core\Dependencies\YamlDotNet\Unity.VisualScripting.YamlDotNet.dll
Symbol file LoadedFromMemory doesn't match image C:\Users\yoshi\Unity\New Block Break\Library\PackageCache\com.unity.visualscripting@1.8.0\Editor\VisualScripting.Core\Dependencies\DotNetZip\Unity.VisualScripting.IonicZip.dll
- Loaded All Assemblies, in  0.578 seconds
Refreshing native plugins compatible for Editor in 2.38 ms, found 3 plugins.
Native extension for WindowsStandalone target not found
Native extension for iOS target not found
Native extension for Android target not found
Native extension for WebGL target not found
Mono: successfully reloaded assembly
- Finished resetting the current domain, in  0.584 seconds
Domain Reload Profiling: 1160ms
	BeginReloadAssembly (117ms)
		ExecutionOrderSort (0ms)
		DisableScriptedObjects (4ms)
		BackupInstance (0ms)
		ReleaseScriptingObjects (0ms)
		CreateAndSetChildDomain (31ms)
	RebuildCommonClasses (26ms)
	RebuildNativeTypeToScriptingClass (8ms)
	initialDomainReloadingComplete (24ms)
	LoadAllAssembliesAndSetupDomain (400ms)
		LoadAssemblies (221ms)
		RebuildTransferFunctionScriptingTraits (0ms)
		AnalyzeDomain (228ms)
			TypeCache.Refresh (223ms)
				TypeCache.ScanAssembly (213ms)
			ScanForSourceGeneratedMonoScriptInfo (2ms)
			ResolveRequiredComponents (3ms)
	FinalizeReload (584ms)
		ReleaseScriptCaches (0ms)
		RebuildScriptCaches (0ms)
		SetupLoadedEditorAssemblies (235ms)
			LogAssemblyErrors (0ms)
			InitializePlatformSupportModulesInManaged (24ms)
			SetLoadedEditorAssemblies (3ms)
			RefreshPlugins (0ms)
			BeforeProcessingInitializeOnLoad (39ms)
			ProcessInitializeOnLoadAttributes (147ms)
			ProcessInitializeOnLoadMethodAttributes (16ms)
			AfterProcessingInitializeOnLoad (5ms)
			EditorAssembliesLoaded (0ms)
		ExecutionOrderSort2 (0ms)
		AwakeInstancesAfterBackupRestoration (7ms)
Refreshing native plugins compatible for Editor in 2.90 ms, found 3 plugins.
Preloading 0 native plugins for Editor in 0.00 ms.
Unloading 3062 Unused Serialized files (Serialized files now loaded: 0)
Unloading 25 unused Assets / (32.5 KB). Loaded Objects now: 3603.
Memory consumption went from 120.6 MB to 120.6 MB.
Total: 3.421500 ms (FindLiveObjects: 0.181700 ms CreateObjectMapping: 0.065000 ms MarkObjects: 3.098500 ms  DeleteObjects: 0.075500 ms)

Prepare: number of updated asset objects reloaded= 0
AssetImportParameters requested are different than current active one (requested -> active):
  custom:container-demuxer-ogg: 62fdf1f143b41e24485cea50d1cbac27 -> 
  custom:video-decoder-ogg-theora: a1e56fd34408186e4bbccfd4996cb3dc -> 
  custom:framework-win-MediaFoundation: 216162199b28c13a410421893ffa2e32 -> 
  custom:CustomObjectIndexerAttribute: 756ad292c208cfabdd7b50bc23989ffe -> 
  custom:container-demuxer-webm: 4f35f7cbe854078d1ac9338744f61a02 -> 
  custom:container-muxer-webm: aa71ff27fc2769a1b78a27578f13a17b -> 
  custom:video-decoder-webm-vp8: 9c59270c3fd7afecdb556c50c9e8de78 -> 
  custom:AudioImporter_EditorPlatform: d09bf68614088b80899f8185d706f6e7 -> 
  custom:video-encoder-webm-vp8: eb34c28f22e8b96e1ab97ce403110664 -> 
  custom:audio-decoder-ogg-vorbis: bf7c407c2cedff20999df2af8eb42d56 -> 
  custom:audio-encoder-webm-vorbis: bf7c407c2cedff20999df2af8eb42d56 -> 
